<?xml version="1.0" encoding="UTF-8"?>
<testsuite xmlns:xsi="http://www.w3.org/2001/XMLSchema-instance" xsi:noNamespaceSchemaLocation="https://maven.apache.org/surefire/maven-surefire-plugin/xsd/surefire-test-report.xsd" name="com.leyou.auth.test.JwtTest" time="0.826" tests="3" errors="0" skipped="0" failures="1">
  <properties>
    <property name="gopherProxySet" value="false"/>
    <property name="awt.toolkit" value="sun.lwawt.macosx.LWCToolkit"/>
    <property name="java.specification.version" value="11"/>
    <property name="sun.cpu.isalist" value=""/>
    <property name="sun.jnu.encoding" value="UTF-8"/>
    <property name="java.class.path" value="/Users/wangsiwei/Desktop/E-shopApplication/leyou/leyou-auth/leyou-auth-common/target/test-classes:/Users/wangsiwei/Desktop/E-shopApplication/leyou/leyou-auth/leyou-auth-common/target/classes:/Users/wangsiwei/.m2/repository/org/apache/commons/commons-lang3/3.7/commons-lang3-3.7.jar:/Users/wangsiwei/.m2/repository/io/jsonwebtoken/jjwt/0.9.0/jjwt-0.9.0.jar:/Users/wangsiwei/.m2/repository/com/fasterxml/jackson/core/jackson-databind/2.9.7/jackson-databind-2.9.7.jar:/Users/wangsiwei/.m2/repository/com/fasterxml/jackson/core/jackson-annotations/2.9.0/jackson-annotations-2.9.0.jar:/Users/wangsiwei/.m2/repository/com/fasterxml/jackson/core/jackson-core/2.9.7/jackson-core-2.9.7.jar:/Users/wangsiwei/.m2/repository/joda-time/joda-time/2.9.9/joda-time-2.9.9.jar:/Users/wangsiwei/.m2/repository/javax/xml/bind/jaxb-api/2.3.0/jaxb-api-2.3.0.jar:/Users/wangsiwei/.m2/repository/com/sun/xml/bind/jaxb-impl/2.3.0/jaxb-impl-2.3.0.jar:/Users/wangsiwei/.m2/repository/com/sun/xml/bind/jaxb-core/2.3.0/jaxb-core-2.3.0.jar:/Users/wangsiwei/.m2/repository/javax/activation/activation/1.1.1/activation-1.1.1.jar:/Users/wangsiwei/.m2/repository/junit/junit/4.12/junit-4.12.jar:/Users/wangsiwei/.m2/repository/org/hamcrest/hamcrest-core/1.3/hamcrest-core-1.3.jar:/Users/wangsiwei/.m2/repository/org/testng/testng/7.4.0/testng-7.4.0.jar:/Users/wangsiwei/.m2/repository/com/beust/jcommander/1.78/jcommander-1.78.jar:/Users/wangsiwei/.m2/repository/org/webjars/jquery/3.5.1/jquery-3.5.1.jar:/Users/wangsiwei/.m2/repository/org/apache/maven/surefire/surefire-testng-utils/2.21.0/surefire-testng-utils-2.21.0.jar:/Users/wangsiwei/.m2/repository/org/apache/maven/surefire/surefire-grouper/2.21.0/surefire-grouper-2.21.0.jar:"/>
    <property name="java.vm.vendor" value="JetBrains s.r.o."/>
    <property name="sun.arch.data.model" value="64"/>
    <property name="java.vendor.url" value="https://openjdk.java.net/"/>
    <property name="user.timezone" value=""/>
    <property name="java.vm.specification.version" value="11"/>
    <property name="os.name" value="Mac OS X"/>
    <property name="sun.java.launcher" value="SUN_STANDARD"/>
    <property name="user.country" value="GB"/>
    <property name="sun.boot.library.path" value="/Applications/IntelliJ IDEA.app/Contents/jbr/Contents/Home/lib"/>
    <property name="sun.java.command" value="/Users/wangsiwei/Desktop/E-shopApplication/leyou/leyou-auth/leyou-auth-common/target/surefire/surefirebooter8087752364129200601.jar /Users/wangsiwei/Desktop/E-shopApplication/leyou/leyou-auth/leyou-auth-common/target/surefire 2021-08-05T14-33-13_321-jvmRun1 surefire4581301383901649760tmp surefire_0101121059974988264tmp"/>
    <property name="jdk.debug" value="release"/>
    <property name="surefire.test.class.path" value="/Users/wangsiwei/Desktop/E-shopApplication/leyou/leyou-auth/leyou-auth-common/target/test-classes:/Users/wangsiwei/Desktop/E-shopApplication/leyou/leyou-auth/leyou-auth-common/target/classes:/Users/wangsiwei/.m2/repository/org/apache/commons/commons-lang3/3.7/commons-lang3-3.7.jar:/Users/wangsiwei/.m2/repository/io/jsonwebtoken/jjwt/0.9.0/jjwt-0.9.0.jar:/Users/wangsiwei/.m2/repository/com/fasterxml/jackson/core/jackson-databind/2.9.7/jackson-databind-2.9.7.jar:/Users/wangsiwei/.m2/repository/com/fasterxml/jackson/core/jackson-annotations/2.9.0/jackson-annotations-2.9.0.jar:/Users/wangsiwei/.m2/repository/com/fasterxml/jackson/core/jackson-core/2.9.7/jackson-core-2.9.7.jar:/Users/wangsiwei/.m2/repository/joda-time/joda-time/2.9.9/joda-time-2.9.9.jar:/Users/wangsiwei/.m2/repository/javax/xml/bind/jaxb-api/2.3.0/jaxb-api-2.3.0.jar:/Users/wangsiwei/.m2/repository/com/sun/xml/bind/jaxb-impl/2.3.0/jaxb-impl-2.3.0.jar:/Users/wangsiwei/.m2/repository/com/sun/xml/bind/jaxb-core/2.3.0/jaxb-core-2.3.0.jar:/Users/wangsiwei/.m2/repository/javax/activation/activation/1.1.1/activation-1.1.1.jar:/Users/wangsiwei/.m2/repository/junit/junit/4.12/junit-4.12.jar:/Users/wangsiwei/.m2/repository/org/hamcrest/hamcrest-core/1.3/hamcrest-core-1.3.jar:/Users/wangsiwei/.m2/repository/org/testng/testng/7.4.0/testng-7.4.0.jar:/Users/wangsiwei/.m2/repository/com/beust/jcommander/1.78/jcommander-1.78.jar:/Users/wangsiwei/.m2/repository/org/webjars/jquery/3.5.1/jquery-3.5.1.jar:/Users/wangsiwei/.m2/repository/org/apache/maven/surefire/surefire-testng-utils/2.21.0/surefire-testng-utils-2.21.0.jar:/Users/wangsiwei/.m2/repository/org/apache/maven/surefire/surefire-grouper/2.21.0/surefire-grouper-2.21.0.jar:"/>
    <property name="sun.cpu.endian" value="little"/>
    <property name="user.home" value="/Users/wangsiwei"/>
    <property name="user.language" value="zh"/>
    <property name="java.specification.vendor" value="Oracle Corporation"/>
    <property name="java.version.date" value="2021-04-20"/>
    <property name="java.home" value="/Applications/IntelliJ IDEA.app/Contents/jbr/Contents/Home"/>
    <property name="file.separator" value="/"/>
    <property name="basedir" value="/Users/wangsiwei/Desktop/E-shopApplication/leyou/leyou-auth/leyou-auth-common"/>
    <property name="java.vm.compressedOopsMode" value="Zero based"/>
    <property name="line.separator" value="&#10;"/>
    <property name="java.specification.name" value="Java Platform API Specification"/>
    <property name="java.vm.specification.vendor" value="Oracle Corporation"/>
    <property name="java.awt.graphicsenv" value="sun.awt.CGraphicsEnvironment"/>
    <property name="surefire.real.class.path" value="/Users/wangsiwei/Desktop/E-shopApplication/leyou/leyou-auth/leyou-auth-common/target/surefire/surefirebooter8087752364129200601.jar"/>
    <property name="user.script" value="Hans"/>
    <property name="sun.management.compiler" value="HotSpot 64-Bit Tiered Compilers"/>
    <property name="java.runtime.version" value="11.0.11+9-b1341.60"/>
    <property name="user.name" value="wangsiwei"/>
    <property name="path.separator" value=":"/>
    <property name="os.version" value="11.2"/>
    <property name="java.runtime.name" value="OpenJDK Runtime Environment"/>
    <property name="file.encoding" value="UTF-8"/>
    <property name="java.vm.name" value="OpenJDK 64-Bit Server VM"/>
    <property name="java.vendor.version" value="JBR-11.0.11.9-1341.60-jcef"/>
    <property name="localRepository" value="/Users/wangsiwei/.m2/repository"/>
    <property name="java.vendor.url.bug" value="https://bugreport.java.com/bugreport/"/>
    <property name="java.io.tmpdir" value="/var/folders/sx/k7w_5wtj571c2c7z348t0yr80000gn/T/"/>
    <property name="idea.version" value="2021.1.3"/>
    <property name="java.version" value="11.0.11"/>
    <property name="user.dir" value="/Users/wangsiwei/Desktop/E-shopApplication/leyou/leyou-auth/leyou-auth-common"/>
    <property name="os.arch" value="x86_64"/>
    <property name="java.vm.specification.name" value="Java Virtual Machine Specification"/>
    <property name="java.awt.printerjob" value="sun.lwawt.macosx.CPrinterJob"/>
    <property name="sun.os.patch.level" value="unknown"/>
    <property name="java.library.path" value="/Users/wangsiwei/Library/Java/Extensions:/Library/Java/Extensions:/Network/Library/Java/Extensions:/System/Library/Java/Extensions:/usr/lib/java:."/>
    <property name="java.vm.info" value="mixed mode"/>
    <property name="java.vendor" value="JetBrains s.r.o."/>
    <property name="java.vm.version" value="11.0.11+9-b1341.60"/>
    <property name="sun.io.unicode.encoding" value="UnicodeBig"/>
    <property name="java.class.version" value="55.0"/>
  </properties>
  <testcase name="testParseToken on testParseToken(com.leyou.auth.test.JwtTest)" classname="com.leyou.auth.test.JwtTest" time="0.221">
    <failure message="JWT signature does not match locally computed signature. JWT validity cannot be asserted and should not be trusted." type="io.jsonwebtoken.SignatureException">io.jsonwebtoken.SignatureException: JWT signature does not match locally computed signature. JWT validity cannot be asserted and should not be trusted.
	at com.leyou.auth.test.JwtTest.testParseToken(JwtTest.java:45)
</failure>
  </testcase>
  <testcase name="testRsa on testRsa(com.leyou.auth.test.JwtTest)" classname="com.leyou.auth.test.JwtTest" time="0.133"/>
  <testcase name="testGenerateToken on testGenerateToken(com.leyou.auth.test.JwtTest)" classname="com.leyou.auth.test.JwtTest" time="0.061"/>
</testsuite>